<?xml version="1.0" encoding="UTF-8"?>
<testsuite xmlns:xsi="http://www.w3.org/2001/XMLSchema-instance" xsi:noNamespaceSchemaLocation="https://maven.apache.org/surefire/maven-surefire-plugin/xsd/surefire-test-report-3.0.xsd" version="3.0" name="CalculadoraTest" time="0.226" tests="43" errors="0" skipped="0" failures="0">
  <properties>
[...]
</properties>
  <testcase name="TCRD01" classname="CalculadoraTest" time="0.055">
    <system-out><![CDATA[TCRD01
]]></system-out>
  </testcase>
  <testcase name="TCRD02" classname="CalculadoraTest" time="0.003">
    <system-out><![CDATA[TCRD02
]]></system-out>
  </testcase>
  <testcase name="TCRD03" classname="CalculadoraTest" time="0.002">
    <system-out><![CDATA[TCRD03
]]></system-out>
  </testcase>
  <testcase name="TCRD04" classname="CalculadoraTest" time="0.002">
    <system-out><![CDATA[TCRD04
]]></system-out>
  </testcase>
  <testcase name="TCRD05" classname="CalculadoraTest" time="0.002">
    <system-out><![CDATA[TCRD05
]]></system-out>
  </testcase>
  <testcase name="TCRD06" classname="CalculadoraTest" time="0.002">
    <system-out><![CDATA[TCRD06
]]></system-out>
  </testcase>
  <testcase name="TCRD07" classname="CalculadoraTest" time="0.003">
    <system-out><![CDATA[TCRD07
]]></system-out>
  </testcase>
  <testcase name="TCRD08" classname="CalculadoraTest" time="0.002">
    <system-out><![CDATA[TCRD08
]]></system-out>
  </testcase>
  <testcase name="TCSD01" classname="CalculadoraTest" time="0.002">
    <system-out><![CDATA[TCSD01
]]></system-out>
  </testcase>
  <testcase name="TCSD02" classname="CalculadoraTest" time="0.002">
    <system-out><![CDATA[TCSD02
]]></system-out>
  </testcase>
  <testcase name="TCSD03" classname="CalculadoraTest" time="0.001">
    <system-out><![CDATA[TCSD03
]]></system-out>
  </testcase>
  <testcase name="TCSD05" classname="CalculadoraTest" time="0.002">
    <system-out><![CDATA[TCSD05
]]></system-out>
  </testcase>
  <testcase name="TCSD06" classname="CalculadoraTest" time="0.002">
    <system-out><![CDATA[TCSD06
]]></system-out>
  </testcase>
  <testcase name="TCD01" classname="CalculadoraTest" time="0.002">
    <system-out><![CDATA[TCD01
]]></system-out>
  </testcase>
  <testcase name="TCD02" classname="CalculadoraTest" time="0.001">
    <system-out><![CDATA[TCD02
]]></system-out>
  </testcase>
  <testcase name="TCD03" classname="CalculadoraTest" time="0.002">
    <system-out><![CDATA[TCD03
]]></system-out>
  </testcase>
  <testcase name="TCD04" classname="CalculadoraTest" time="0.002">
    <system-out><![CDATA[TCD04
]]></system-out>
  </testcase>
  <testcase name="TCD05" classname="CalculadoraTest" time="0.002">
    <system-out><![CDATA[TCD05
]]></system-out>
  </testcase>
  <testcase name="TCE01" classname="CalculadoraTest" time="0.002">
    <system-out><![CDATA[TCE01
]]></system-out>
  </testcase>
  <testcase name="TCE02" classname="CalculadoraTest" time="0.002">
    <system-out><![CDATA[TCE02
]]></system-out>
  </testcase>
  <testcase name="TCE03" classname="CalculadoraTest" time="0.002">
    <system-out><![CDATA[TCE03
]]></system-out>
  </testcase>
  <testcase name="TCE04" classname="CalculadoraTest" time="0.001">
    <system-out><![CDATA[TCE04
]]></system-out>
  </testcase>
  <testcase name="TCE05" classname="CalculadoraTest" time="0.002">
    <system-out><![CDATA[TCE05
]]></system-out>
  </testcase>
  <testcase name="TCE06" classname="CalculadoraTest" time="0.002">
    <system-out><![CDATA[TCE06
]]></system-out>
  </testcase>
  <testcase name="TCE07" classname="CalculadoraTest" time="0.001">
    <system-out><![CDATA[TCE07
]]></system-out>
  </testcase>
  <testcase name="TCM01" classname="CalculadoraTest" time="0.002">
    <system-out><![CDATA[TCM01
]]></system-out>
  </testcase>
  <testcase name="TCM02" classname="CalculadoraTest" time="0.002">
    <system-out><![CDATA[TCM02
]]></system-out>
  </testcase>
  <testcase name="TCM03" classname="CalculadoraTest" time="0.001">
    <system-out><![CDATA[TCM03
]]></system-out>
  </testcase>
  <testcase name="TCM04" classname="CalculadoraTest" time="0.002">
    <system-out><![CDATA[TCM04
]]></system-out>
  </testcase>
  <testcase name="TCM05" classname="CalculadoraTest" time="0.001">
    <system-out><![CDATA[TCM05
]]></system-out>
  </testcase>
  <testcase name="TCM06" classname="CalculadoraTest" time="0.002">
    <system-out><![CDATA[TCM06
]]></system-out>
  </testcase>
  <testcase name="TCR01" classname="CalculadoraTest" time="0.002">
    <system-out><![CDATA[TCR01
]]></system-out>
  </testcase>
  <testcase name="TCR02" classname="CalculadoraTest" time="0.002">
    <system-out><![CDATA[TCR02
]]></system-out>
  </testcase>
  <testcase name="TCR03" classname="CalculadoraTest" time="0.002">
    <system-out><![CDATA[TCR03
]]></system-out>
  </testcase>
  <testcase name="TCR04" classname="CalculadoraTest" time="0.002">
    <system-out><![CDATA[TCR04
]]></system-out>
  </testcase>
  <testcase name="TCS01" classname="CalculadoraTest" time="0.002">
    <system-out><![CDATA[TCS01
]]></system-out>
  </testcase>
  <testcase name="TCS02" classname="CalculadoraTest" time="0.001">
    <system-out><![CDATA[TCS02
]]></system-out>
  </testcase>
  <testcase name="TCS03" classname="CalculadoraTest" time="0.002">
    <system-out><![CDATA[TCS03
]]></system-out>
  </testcase>
  <testcase name="TCS04" classname="CalculadoraTest" time="0.002">
    <system-out><![CDATA[TCS04
]]></system-out>
  </testcase>
  <testcase name="TCS05" classname="CalculadoraTest" time="0.001">
    <system-out><![CDATA[TCS05
]]></system-out>
  </testcase>
  <testcase name="TNA01" classname="CalculadoraTest" time="0.002">
    <system-out><![CDATA[TNA01
]]></system-out>
  </testcase>
  <testcase name="TNA02" classname="CalculadoraTest" time="0.002">
    <system-out><![CDATA[TNA02
]]></system-out>
  </testcase>
  <testcase name="TNA03" classname="CalculadoraTest" time="0.004">
    <system-out><![CDATA[TNA03
]]></system-out>
  </testcase>
</testsuite>