<?xml version="1.0" encoding="UTF-8"?>
<testsuite xmlns:xsi="http://www.w3.org/2001/XMLSchema-instance" xsi:noNamespaceSchemaLocation="https://maven.apache.org/surefire/maven-surefire-plugin/xsd/surefire-test-report-3.0.xsd" version="3.0" name="CalculadoraTest" time="0.083" tests="43" errors="0" skipped="0" failures="0">
  <properties>
[...]
</properties>
  <testcase name="TCRD01" classname="CalculadoraTest" time="0.021">
    <system-out><![CDATA[radicacion
]]></system-out>
  </testcase>
  <testcase name="TCRD02" classname="CalculadoraTest" time="0.002">
    <system-out><![CDATA[radicacion
]]></system-out>
  </testcase>
  <testcase name="TCRD03" classname="CalculadoraTest" time="0.001">
    <system-out><![CDATA[radicacion
]]></system-out>
  </testcase>
  <testcase name="TCRD04" classname="CalculadoraTest" time="0.001">
    <system-out><![CDATA[radicacion
]]></system-out>
  </testcase>
  <testcase name="TCRD05" classname="CalculadoraTest" time="0.0">
    <system-out><![CDATA[radicacion
]]></system-out>
  </testcase>
  <testcase name="TCRD06" classname="CalculadoraTest" time="0.002">
    <system-out><![CDATA[radicacion
]]></system-out>
  </testcase>
  <testcase name="TCRD07" classname="CalculadoraTest" time="0.0">
    <system-out><![CDATA[radicacion
]]></system-out>
  </testcase>
  <testcase name="TCRD08" classname="CalculadoraTest" time="0.001">
    <system-out><![CDATA[radicacion
]]></system-out>
  </testcase>
  <testcase name="TCSD01" classname="CalculadoraTest" time="0.0">
    <system-out><![CDATA[sumaDivisores
]]></system-out>
  </testcase>
  <testcase name="TCSD02" classname="CalculadoraTest" time="0.0">
    <system-out><![CDATA[sumaDivisores
]]></system-out>
  </testcase>
  <testcase name="TCSD03" classname="CalculadoraTest" time="0.001">
    <system-out><![CDATA[sumaDivisores
]]></system-out>
  </testcase>
  <testcase name="TCSD05" classname="CalculadoraTest" time="0.0">
    <system-out><![CDATA[sumaDivisores
]]></system-out>
  </testcase>
  <testcase name="TCSD06" classname="CalculadoraTest" time="0.0">
    <system-out><![CDATA[sumaDivisores
]]></system-out>
  </testcase>
  <testcase name="TCD01" classname="CalculadoraTest" time="0.001">
    <system-out><![CDATA[division
]]></system-out>
  </testcase>
  <testcase name="TCD02" classname="CalculadoraTest" time="0.0">
    <system-out><![CDATA[division
]]></system-out>
  </testcase>
  <testcase name="TCD03" classname="CalculadoraTest" time="0.0">
    <system-out><![CDATA[division
]]></system-out>
  </testcase>
  <testcase name="TCD04" classname="CalculadoraTest" time="0.0">
    <system-out><![CDATA[division
]]></system-out>
  </testcase>
  <testcase name="TCD05" classname="CalculadoraTest" time="0.0">
    <system-out><![CDATA[division
]]></system-out>
  </testcase>
  <testcase name="TCE01" classname="CalculadoraTest" time="0.001">
    <system-out><![CDATA[exponenciacion
]]></system-out>
  </testcase>
  <testcase name="TCE02" classname="CalculadoraTest" time="0.001">
    <system-out><![CDATA[exponenciacion
]]></system-out>
  </testcase>
  <testcase name="TCE03" classname="CalculadoraTest" time="0.002">
    <system-out><![CDATA[exponenciacion
]]></system-out>
  </testcase>
  <testcase name="TCE04" classname="CalculadoraTest" time="0.001">
    <system-out><![CDATA[exponenciacion
]]></system-out>
  </testcase>
  <testcase name="TCE05" classname="CalculadoraTest" time="0.001">
    <system-out><![CDATA[exponenciacion
]]></system-out>
  </testcase>
  <testcase name="TCE06" classname="CalculadoraTest" time="0.001">
    <system-out><![CDATA[exponenciacion
]]></system-out>
  </testcase>
  <testcase name="TCE07" classname="CalculadoraTest" time="0.0">
    <system-out><![CDATA[exponenciacion
]]></system-out>
  </testcase>
  <testcase name="TCM01" classname="CalculadoraTest" time="0.0">
    <system-out><![CDATA[multiplicacion
]]></system-out>
  </testcase>
  <testcase name="TCM02" classname="CalculadoraTest" time="0.0">
    <system-out><![CDATA[multiplicacion
]]></system-out>
  </testcase>
  <testcase name="TCM03" classname="CalculadoraTest" time="0.001">
    <system-out><![CDATA[multiplicacion
]]></system-out>
  </testcase>
  <testcase name="TCM04" classname="CalculadoraTest" time="0.0">
    <system-out><![CDATA[multiplicacion
]]></system-out>
  </testcase>
  <testcase name="TCM05" classname="CalculadoraTest" time="0.0">
    <system-out><![CDATA[multiplicacion
]]></system-out>
  </testcase>
  <testcase name="TCM06" classname="CalculadoraTest" time="0.0">
    <system-out><![CDATA[multiplicacion
]]></system-out>
  </testcase>
  <testcase name="TCR01" classname="CalculadoraTest" time="0.001">
    <system-out><![CDATA[resta
]]></system-out>
  </testcase>
  <testcase name="TCR02" classname="CalculadoraTest" time="0.001">
    <system-out><![CDATA[resta
]]></system-out>
  </testcase>
  <testcase name="TCR03" classname="CalculadoraTest" time="0.001">
    <system-out><![CDATA[resta
]]></system-out>
  </testcase>
  <testcase name="TCR04" classname="CalculadoraTest" time="0.001">
    <system-out><![CDATA[resta
]]></system-out>
  </testcase>
  <testcase name="TCS01" classname="CalculadoraTest" time="0.0">
    <system-out><![CDATA[suma
]]></system-out>
  </testcase>
  <testcase name="TCS02" classname="CalculadoraTest" time="0.0">
    <system-out><![CDATA[suma
]]></system-out>
  </testcase>
  <testcase name="TCS03" classname="CalculadoraTest" time="0.001">
    <system-out><![CDATA[suma
]]></system-out>
  </testcase>
  <testcase name="TCS04" classname="CalculadoraTest" time="0.001">
    <system-out><![CDATA[suma
]]></system-out>
  </testcase>
  <testcase name="TCS05" classname="CalculadoraTest" time="0.001">
    <system-out><![CDATA[suma
]]></system-out>
  </testcase>
  <testcase name="TNA01" classname="CalculadoraTest" time="0.001">
    <system-out><![CDATA[sonAmigos
]]></system-out>
  </testcase>
  <testcase name="TNA02" classname="CalculadoraTest" time="0.0">
    <system-out><![CDATA[sonAmigos
]]></system-out>
  </testcase>
  <testcase name="TNA03" classname="CalculadoraTest" time="0.0">
    <system-out><![CDATA[sonAmigos
]]></system-out>
  </testcase>
</testsuite>